{
  "RSpec": {
    "coverage": {
      "/home/ikl0/RubymineProjects/casemanager/app/models/user.rb": {
        "lines": [
          1,
          1,
          null,
          1,
          null
        ]
      },
      "/home/ikl0/RubymineProjects/casemanager/app/models/application_record.rb": {
        "lines": [
          1,
          1,
          null
        ]
      },
      "/home/ikl0/RubymineProjects/casemanager/app/helpers/application_helper.rb": {
        "lines": [
          1,
          null
        ]
      },
      "/home/ikl0/RubymineProjects/casemanager/app/helpers/deals_helper.rb": {
        "lines": [
          1,
          null
        ]
      },
      "/home/ikl0/RubymineProjects/casemanager/app/helpers/home_helper.rb": {
        "lines": [
          1,
          null
        ]
      },
      "/home/ikl0/RubymineProjects/casemanager/app/controllers/deals_controller.rb": {
        "lines": [
          1,
          1,
          1,
          1,
          null,
          1,
          0,
          0,
          null,
          null,
          null,
          1,
          null,
          null,
          null,
          1,
          null,
          0,
          null,
          null,
          null,
          1,
          null,
          null,
          null,
          1,
          0,
          null,
          0,
          0,
          0,
          0,
          null,
          0,
          0,
          null,
          null,
          null,
          null,
          null,
          1,
          0,
          0,
          0,
          0,
          null,
          0,
          0,
          null,
          null,
          null,
          null,
          null,
          1,
          0,
          null,
          0,
          0,
          0,
          null,
          null,
          null,
          null,
          1,
          0,
          0,
          null,
          1,
          null,
          1,
          0,
          null,
          null,
          null,
          1,
          0,
          0,
          null,
          null
        ]
      },
      "/home/ikl0/RubymineProjects/casemanager/app/controllers/application_controller.rb": {
        "lines": [
          1,
          null
        ]
      },
      "/home/ikl0/RubymineProjects/casemanager/app/models/deal.rb": {
        "lines": [
          1,
          1,
          1,
          null
        ]
      },
      "/home/ikl0/RubymineProjects/casemanager/app/channels/application_cable/channel.rb": {
        "lines": [
          0,
          0,
          0,
          0
        ],
        "branches": {
        }
      },
      "/home/ikl0/RubymineProjects/casemanager/app/channels/application_cable/connection.rb": {
        "lines": [
          0,
          0,
          0,
          0
        ],
        "branches": {
        }
      },
      "/home/ikl0/RubymineProjects/casemanager/app/controllers/home_controller.rb": {
        "lines": [
          0,
          0,
          0,
          null,
          0,
          0,
          null,
          0
        ],
        "branches": {
        }
      },
      "/home/ikl0/RubymineProjects/casemanager/app/jobs/application_job.rb": {
        "lines": [
          0,
          0
        ],
        "branches": {
        }
      },
      "/home/ikl0/RubymineProjects/casemanager/app/mailers/application_mailer.rb": {
        "lines": [
          0,
          0,
          0,
          0
        ],
        "branches": {
        }
      }
    },
    "timestamp": 1654737103
  }
}
